# JRE version: Java(TM) SE Runtime Environment (8.0_261-b12) (build 1.8.0_261-b12)
# Java VM: Java HotSpot(TM) 64-Bit Server VM (25.261-b12 mixed mode windows-amd64 compressed oops)
Heap:
 PSYoungGen      total 152576K, used 107411K [0x00000000d8a00000, 0x00000000e5800000, 0x0000000100000000)
  eden space 141824K, 68% used [0x00000000d8a00000,0x00000000de8699a8,0x00000000e1480000)
  from space 10752K, 99% used [0x00000000e1480000,0x00000000e1efb630,0x00000000e1f00000)
  to   space 16896K, 0% used [0x00000000e4780000,0x00000000e4780000,0x00000000e5800000)
 ParOldGen       total 60928K, used 27658K [0x0000000089e00000, 0x000000008d980000, 0x00000000d8a00000)
  object space 60928K, 45% used [0x0000000089e00000,0x000000008b902918,0x000000008d980000)
 Metaspace       used 27481K, capacity 28032K, committed 28288K, reserved 1075200K
  class space    used 3042K, capacity 3171K, committed 3200K, reserved 1048576K
GC Heap History (10 events):
Event: 6.064 GC heap before
{Heap before GC invocations=10 (full 0):
 PSYoungGen      total 66048K, used 63616K [0x00000000d8a00000, 0x00000000df500000, 0x0000000100000000)
  eden space 56320K, 100% used [0x00000000d8a00000,0x00000000dc100000,0x00000000dc100000)
  from space 9728K, 75% used [0x00000000dc100000,0x00000000dc820000,0x00000000dca80000)
  to   space 9728K, 0% used [0x00000000deb80000,0x00000000deb80000,0x00000000df500000)
 ParOldGen       total 81920K, used 7705K [0x0000000089e00000, 0x000000008ee00000, 0x00000000d8a00000)
  object space 81920K, 9% used [0x0000000089e00000,0x000000008a5864b8,0x000000008ee00000)
 Metaspace       used 19189K, capacity 19598K, committed 19712K, reserved 1067008K
  class space    used 2149K, capacity 2263K, committed 2304K, reserved 1048576K
Event: 6.074 GC heap after
Heap after GC invocations=10 (full 0):
 PSYoungGen      total 99840K, used 5937K [0x00000000d8a00000, 0x00000000df500000, 0x0000000100000000)
  eden space 90112K, 0% used [0x00000000d8a00000,0x00000000d8a00000,0x00000000de200000)
  from space 9728K, 61% used [0x00000000deb80000,0x00000000df14c440,0x00000000df500000)
  to   space 9728K, 0% used [0x00000000de200000,0x00000000de200000,0x00000000deb80000)
 ParOldGen       total 81920K, used 12097K [0x0000000089e00000, 0x000000008ee00000, 0x00000000d8a00000)
  object space 81920K, 14% used [0x0000000089e00000,0x000000008a9d04e8,0x000000008ee00000)
 Metaspace       used 19189K, capacity 19598K, committed 19712K, reserved 1067008K
  class space    used 2149K, capacity 2263K, committed 2304K, reserved 1048576K
}
Event: 6.249 GC heap before
{Heap before GC invocations=11 (full 0):
 PSYoungGen      total 99840K, used 25767K [0x00000000d8a00000, 0x00000000df500000, 0x0000000100000000)
  eden space 90112K, 22% used [0x00000000d8a00000,0x00000000d9d5d8d8,0x00000000de200000)
  from space 9728K, 61% used [0x00000000deb80000,0x00000000df14c440,0x00000000df500000)
  to   space 9728K, 0% used [0x00000000de200000,0x00000000de200000,0x00000000deb80000)
 ParOldGen       total 81920K, used 12097K [0x0000000089e00000, 0x000000008ee00000, 0x00000000d8a00000)
  object space 81920K, 14% used [0x0000000089e00000,0x000000008a9d04e8,0x000000008ee00000)
 Metaspace       used 20755K, capacity 21122K, committed 21248K, reserved 1069056K
  class space    used 2383K, capacity 2495K, committed 2560K, reserved 1048576K
Event: 6.254 GC heap after
Heap after GC invocations=11 (full 0):
 PSYoungGen      total 99840K, used 803K [0x00000000d8a00000, 0x00000000e2b00000, 0x0000000100000000)
  eden space 90112K, 0% used [0x00000000d8a00000,0x00000000d8a00000,0x00000000de200000)
  from space 9728K, 8% used [0x00000000de200000,0x00000000de2c8e98,0x00000000deb80000)
  to   space 10240K, 0% used [0x00000000e2100000,0x00000000e2100000,0x00000000e2b00000)
 ParOldGen       total 81920K, used 16585K [0x0000000089e00000, 0x000000008ee00000, 0x00000000d8a00000)
  object space 81920K, 20% used [0x0000000089e00000,0x000000008ae324e8,0x000000008ee00000)
 Metaspace       used 20755K, capacity 21122K, committed 21248K, reserved 1069056K
  class space    used 2383K, capacity 2495K, committed 2560K, reserved 1048576K
}
Event: 6.254 GC heap before
{Heap before GC invocations=12 (full 1):
 PSYoungGen      total 99840K, used 803K [0x00000000d8a00000, 0x00000000e2b00000, 0x0000000100000000)
  eden space 90112K, 0% used [0x00000000d8a00000,0x00000000d8a00000,0x00000000de200000)
  from space 9728K, 8% used [0x00000000de200000,0x00000000de2c8e98,0x00000000deb80000)
  to   space 10240K, 0% used [0x00000000e2100000,0x00000000e2100000,0x00000000e2b00000)
 ParOldGen       total 81920K, used 16585K [0x0000000089e00000, 0x000000008ee00000, 0x00000000d8a00000)
  object space 81920K, 20% used [0x0000000089e00000,0x000000008ae324e8,0x000000008ee00000)
 Metaspace       used 20755K, capacity 21122K, committed 21248K, reserved 1069056K
  class space    used 2383K, capacity 2495K, committed 2560K, reserved 1048576K
Event: 6.315 GC heap after
Heap after GC invocations=12 (full 1):
 PSYoungGen      total 99840K, used 0K [0x00000000d8a00000, 0x00000000e2b00000, 0x0000000100000000)
  eden space 90112K, 0% used [0x00000000d8a00000,0x00000000d8a00000,0x00000000de200000)
  from space 9728K, 0% used [0x00000000de200000,0x00000000de200000,0x00000000deb80000)
  to   space 10240K, 0% used [0x00000000e2100000,0x00000000e2100000,0x00000000e2b00000)
 ParOldGen       total 60928K, used 15587K [0x0000000089e00000, 0x000000008d980000, 0x00000000d8a00000)
  object space 60928K, 25% used [0x0000000089e00000,0x000000008ad38d98,0x000000008d980000)
 Metaspace       used 20755K, capacity 21122K, committed 21248K, reserved 1069056K
  class space    used 2383K, capacity 2495K, committed 2560K, reserved 1048576K
}
Event: 6.858 GC heap before
{Heap before GC invocations=13 (full 1):
 PSYoungGen      total 99840K, used 90112K [0x00000000d8a00000, 0x00000000e2b00000, 0x0000000100000000)
  eden space 90112K, 100% used [0x00000000d8a00000,0x00000000de200000,0x00000000de200000)
  from space 9728K, 0% used [0x00000000de200000,0x00000000de200000,0x00000000deb80000)
  to   space 10240K, 0% used [0x00000000e2100000,0x00000000e2100000,0x00000000e2b00000)
 ParOldGen       total 60928K, used 15587K [0x0000000089e00000, 0x000000008d980000, 0x00000000d8a00000)
  object space 60928K, 25% used [0x0000000089e00000,0x000000008ad38d98,0x000000008d980000)
 Metaspace       used 23345K, capacity 23682K, committed 23808K, reserved 1071104K
  class space    used 2686K, capacity 2815K, committed 2816K, reserved 1048576K
Event: 6.868 GC heap after
Heap after GC invocations=13 (full 1):
 PSYoungGen      total 135680K, used 8528K [0x00000000d8a00000, 0x00000000e2980000, 0x0000000100000000)
  eden space 126976K, 0% used [0x00000000d8a00000,0x00000000d8a00000,0x00000000e0600000)
  from space 8704K, 97% used [0x00000000e2100000,0x00000000e2954398,0x00000000e2980000)
  to   space 10752K, 0% used [0x00000000e1480000,0x00000000e1480000,0x00000000e1f00000)
 ParOldGen       total 60928K, used 15595K [0x0000000089e00000, 0x000000008d980000, 0x00000000d8a00000)
  object space 60928K, 25% used [0x0000000089e00000,0x000000008ad3ad98,0x000000008d980000)
 Metaspace       used 23345K, capacity 23682K, committed 23808K, reserved 1071104K
  class space    used 2686K, capacity 2815K, committed 2816K, reserved 1048576K
}
Event: 8.323 GC heap before
{Heap before GC invocations=14 (full 1):
 PSYoungGen      total 135680K, used 135504K [0x00000000d8a00000, 0x00000000e2980000, 0x0000000100000000)
  eden space 126976K, 100% used [0x00000000d8a00000,0x00000000e0600000,0x00000000e0600000)
  from space 8704K, 97% used [0x00000000e2100000,0x00000000e2954398,0x00000000e2980000)
  to   space 10752K, 0% used [0x00000000e1480000,0x00000000e1480000,0x00000000e1f00000)
 ParOldGen       total 60928K, used 15595K [0x0000000089e00000, 0x000000008d980000, 0x00000000d8a00000)
  object space 60928K, 25% used [0x0000000089e00000,0x000000008ad3ad98,0x000000008d980000)
 Metaspace       used 25539K, capacity 25954K, committed 26112K, reserved 1073152K
  class space    used 2855K, capacity 2975K, committed 3072K, reserved 1048576K
Event: 8.340 GC heap after
Heap after GC invocations=14 (full 1):
 PSYoungGen      total 152576K, used 10733K [0x00000000d8a00000, 0x00000000e5800000, 0x0000000100000000)
  eden space 141824K, 0% used [0x00000000d8a00000,0x00000000d8a00000,0x00000000e1480000)
  from space 10752K, 99% used [0x00000000e1480000,0x00000000e1efb630,0x00000000e1f00000)
  to   space 16896K, 0% used [0x00000000e4780000,0x00000000e4780000,0x00000000e5800000)
 ParOldGen       total 60928K, used 27658K [0x0000000089e00000, 0x000000008d980000, 0x00000000d8a00000)
  object space 60928K, 45% used [0x0000000089e00000,0x000000008b902918,0x000000008d980000)
 Metaspace       used 25539K, capacity 25954K, committed 26112K, reserved 1073152K
  class space    used 2855K, capacity 2975K, committed 3072K, reserved 1048576K
}

