# JRE version: Java(TM) SE Runtime Environment (8.0_261-b12) (build 1.8.0_261-b12)
# Java VM: Java HotSpot(TM) 64-Bit Server VM (25.261-b12 mixed mode windows-amd64 compressed oops)
Heap:
 PSYoungGen      total 180736K, used 35850K [0x00000000d8a00000, 0x00000000e5300000, 0x0000000100000000)
  eden space 164864K, 12% used [0x00000000d8a00000,0x00000000d9d83030,0x00000000e2b00000)
  from space 15872K, 99% used [0x00000000e3d80000,0x00000000e4cffb60,0x00000000e4d00000)
  to   space 18944K, 0% used [0x00000000e2b00000,0x00000000e2b00000,0x00000000e3d80000)
 ParOldGen       total 62976K, used 32021K [0x0000000089e00000, 0x000000008db80000, 0x00000000d8a00000)
  object space 62976K, 50% used [0x0000000089e00000,0x000000008bd457f0,0x000000008db80000)
 Metaspace       used 25790K, capacity 26386K, committed 26752K, reserved 1073152K
  class space    used 2915K, capacity 3074K, committed 3200K, reserved 1048576K
GC Heap History (10 events):
Event: 3.430 GC heap before
{Heap before GC invocations=7 (full 0):
 PSYoungGen      total 71168K, used 68048K [0x00000000d8a00000, 0x00000000dd900000, 0x0000000100000000)
  eden space 61440K, 100% used [0x00000000d8a00000,0x00000000dc600000,0x00000000dc600000)
  from space 9728K, 67% used [0x00000000dcf80000,0x00000000dd5f4010,0x00000000dd900000)
  to   space 9728K, 0% used [0x00000000dc600000,0x00000000dc600000,0x00000000dcf80000)
 ParOldGen       total 81920K, used 10026K [0x0000000089e00000, 0x000000008ee00000, 0x00000000d8a00000)
  object space 81920K, 12% used [0x0000000089e00000,0x000000008a7cab70,0x000000008ee00000)
 Metaspace       used 16953K, capacity 17360K, committed 17536K, reserved 1064960K
  class space    used 1972K, capacity 2094K, committed 2176K, reserved 1048576K
Event: 3.442 GC heap after
Heap after GC invocations=7 (full 0):
 PSYoungGen      total 71168K, used 8957K [0x00000000d8a00000, 0x00000000e1600000, 0x0000000100000000)
  eden space 61440K, 0% used [0x00000000d8a00000,0x00000000d8a00000,0x00000000dc600000)
  from space 9728K, 92% used [0x00000000dc600000,0x00000000dcebf500,0x00000000dcf80000)
  to   space 10240K, 0% used [0x00000000e0c00000,0x00000000e0c00000,0x00000000e1600000)
 ParOldGen       total 81920K, used 11502K [0x0000000089e00000, 0x000000008ee00000, 0x00000000d8a00000)
  object space 81920K, 14% used [0x0000000089e00000,0x000000008a93bbd0,0x000000008ee00000)
 Metaspace       used 16953K, capacity 17360K, committed 17536K, reserved 1064960K
  class space    used 1972K, capacity 2094K, committed 2176K, reserved 1048576K
}
Event: 3.749 GC heap before
{Heap before GC invocations=8 (full 0):
 PSYoungGen      total 71168K, used 28652K [0x00000000d8a00000, 0x00000000e1600000, 0x0000000100000000)
  eden space 61440K, 32% used [0x00000000d8a00000,0x00000000d9d3bb00,0x00000000dc600000)
  from space 9728K, 92% used [0x00000000dc600000,0x00000000dcebf500,0x00000000dcf80000)
  to   space 10240K, 0% used [0x00000000e0c00000,0x00000000e0c00000,0x00000000e1600000)
 ParOldGen       total 81920K, used 11502K [0x0000000089e00000, 0x000000008ee00000, 0x00000000d8a00000)
  object space 81920K, 14% used [0x0000000089e00000,0x000000008a93bbd0,0x000000008ee00000)
 Metaspace       used 20525K, capacity 21108K, committed 21296K, reserved 1069056K
  class space    used 2453K, capacity 2622K, committed 2688K, reserved 1048576K
Event: 3.757 GC heap after
Heap after GC invocations=8 (full 0):
 PSYoungGen      total 132096K, used 7339K [0x00000000d8a00000, 0x00000000e1500000, 0x0000000100000000)
  eden space 122880K, 0% used [0x00000000d8a00000,0x00000000d8a00000,0x00000000e0200000)
  from space 9216K, 79% used [0x00000000e0c00000,0x00000000e132ad80,0x00000000e1500000)
  to   space 9728K, 0% used [0x00000000e0200000,0x00000000e0200000,0x00000000e0b80000)
 ParOldGen       total 81920K, used 13873K [0x0000000089e00000, 0x000000008ee00000, 0x00000000d8a00000)
  object space 81920K, 16% used [0x0000000089e00000,0x000000008ab8c420,0x000000008ee00000)
 Metaspace       used 20525K, capacity 21108K, committed 21296K, reserved 1069056K
  class space    used 2453K, capacity 2622K, committed 2688K, reserved 1048576K
}
Event: 3.757 GC heap before
{Heap before GC invocations=9 (full 1):
 PSYoungGen      total 132096K, used 7339K [0x00000000d8a00000, 0x00000000e1500000, 0x0000000100000000)
  eden space 122880K, 0% used [0x00000000d8a00000,0x00000000d8a00000,0x00000000e0200000)
  from space 9216K, 79% used [0x00000000e0c00000,0x00000000e132ad80,0x00000000e1500000)
  to   space 9728K, 0% used [0x00000000e0200000,0x00000000e0200000,0x00000000e0b80000)
 ParOldGen       total 81920K, used 13873K [0x0000000089e00000, 0x000000008ee00000, 0x00000000d8a00000)
  object space 81920K, 16% used [0x0000000089e00000,0x000000008ab8c420,0x000000008ee00000)
 Metaspace       used 20525K, capacity 21108K, committed 21296K, reserved 1069056K
  class space    used 2453K, capacity 2622K, committed 2688K, reserved 1048576K
Event: 3.806 GC heap after
Heap after GC invocations=9 (full 1):
 PSYoungGen      total 132096K, used 0K [0x00000000d8a00000, 0x00000000e1500000, 0x0000000100000000)
  eden space 122880K, 0% used [0x00000000d8a00000,0x00000000d8a00000,0x00000000e0200000)
  from space 9216K, 0% used [0x00000000e0c00000,0x00000000e0c00000,0x00000000e1500000)
  to   space 9728K, 0% used [0x00000000e0200000,0x00000000e0200000,0x00000000e0b80000)
 ParOldGen       total 62976K, used 16106K [0x0000000089e00000, 0x000000008db80000, 0x00000000d8a00000)
  object space 62976K, 25% used [0x0000000089e00000,0x000000008adba980,0x000000008db80000)
 Metaspace       used 20525K, capacity 21108K, committed 21296K, reserved 1069056K
  class space    used 2453K, capacity 2622K, committed 2688K, reserved 1048576K
}
Event: 5.092 GC heap before
{Heap before GC invocations=10 (full 1):
 PSYoungGen      total 132096K, used 122880K [0x00000000d8a00000, 0x00000000e1500000, 0x0000000100000000)
  eden space 122880K, 100% used [0x00000000d8a00000,0x00000000e0200000,0x00000000e0200000)
  from space 9216K, 0% used [0x00000000e0c00000,0x00000000e0c00000,0x00000000e1500000)
  to   space 9728K, 0% used [0x00000000e0200000,0x00000000e0200000,0x00000000e0b80000)
 ParOldGen       total 62976K, used 16106K [0x0000000089e00000, 0x000000008db80000, 0x00000000d8a00000)
  object space 62976K, 25% used [0x0000000089e00000,0x000000008adba980,0x000000008db80000)
 Metaspace       used 23587K, capacity 24180K, committed 24448K, reserved 1071104K
  class space    used 2715K, capacity 2878K, committed 2944K, reserved 1048576K
Event: 5.111 GC heap after
Heap after GC invocations=10 (full 1):
 PSYoungGen      total 132608K, used 9723K [0x00000000d8a00000, 0x00000000e4d00000, 0x0000000100000000)
  eden space 122880K, 0% used [0x00000000d8a00000,0x00000000d8a00000,0x00000000e0200000)
  from space 9728K, 99% used [0x00000000e0200000,0x00000000e0b7ee38,0x00000000e0b80000)
  to   space 15872K, 0% used [0x00000000e3d80000,0x00000000e3d80000,0x00000000e4d00000)
 ParOldGen       total 62976K, used 29039K [0x0000000089e00000, 0x000000008db80000, 0x00000000d8a00000)
  object space 62976K, 46% used [0x0000000089e00000,0x000000008ba5bea0,0x000000008db80000)
 Metaspace       used 23587K, capacity 24180K, committed 24448K, reserved 1071104K
  class space    used 2715K, capacity 2878K, committed 2944K, reserved 1048576K
}
Event: 6.033 GC heap before
{Heap before GC invocations=11 (full 1):
 PSYoungGen      total 132608K, used 132603K [0x00000000d8a00000, 0x00000000e4d00000, 0x0000000100000000)
  eden space 122880K, 100% used [0x00000000d8a00000,0x00000000e0200000,0x00000000e0200000)
  from space 9728K, 99% used [0x00000000e0200000,0x00000000e0b7ee38,0x00000000e0b80000)
  to   space 15872K, 0% used [0x00000000e3d80000,0x00000000e3d80000,0x00000000e4d00000)
 ParOldGen       total 62976K, used 29039K [0x0000000089e00000, 0x000000008db80000, 0x00000000d8a00000)
  object space 62976K, 46% used [0x0000000089e00000,0x000000008ba5bea0,0x000000008db80000)
 Metaspace       used 25016K, capacity 25650K, committed 25856K, reserved 1073152K
  class space    used 2832K, capacity 2978K, committed 3072K, reserved 1048576K
Event: 6.054 GC heap after
Heap after GC invocations=11 (full 1):
 PSYoungGen      total 180736K, used 15870K [0x00000000d8a00000, 0x00000000e5300000, 0x0000000100000000)
  eden space 164864K, 0% used [0x00000000d8a00000,0x00000000d8a00000,0x00000000e2b00000)
  from space 15872K, 99% used [0x00000000e3d80000,0x00000000e4cffb60,0x00000000e4d00000)
  to   space 18944K, 0% used [0x00000000e2b00000,0x00000000e2b00000,0x00000000e3d80000)
 ParOldGen       total 62976K, used 32021K [0x0000000089e00000, 0x000000008db80000, 0x00000000d8a00000)
  object space 62976K, 50% used [0x0000000089e00000,0x000000008bd457f0,0x000000008db80000)
 Metaspace       used 25016K, capacity 25650K, committed 25856K, reserved 1073152K
  class space    used 2832K, capacity 2978K, committed 3072K, reserved 1048576K
}

