# JRE version: Java(TM) SE Runtime Environment (8.0_261-b12) (build 1.8.0_261-b12)
# Java VM: Java HotSpot(TM) 64-Bit Server VM (25.261-b12 mixed mode windows-amd64 compressed oops)
Heap:
 PSYoungGen      total 208384K, used 157787K [0x00000000d8a00000, 0x00000000e8f00000, 0x0000000100000000)
  eden space 197120K, 74% used [0x00000000d8a00000,0x00000000e1917ea8,0x00000000e4a80000)
  from space 11264K, 99% used [0x00000000e8400000,0x00000000e8eff0a8,0x00000000e8f00000)
  to   space 17408K, 0% used [0x00000000e6d00000,0x00000000e6d00000,0x00000000e7e00000)
 ParOldGen       total 63488K, used 27554K [0x0000000089e00000, 0x000000008dc00000, 0x00000000d8a00000)
  object space 63488K, 43% used [0x0000000089e00000,0x000000008b8e8b60,0x000000008dc00000)
 Metaspace       used 25824K, capacity 26398K, committed 26752K, reserved 1073152K
  class space    used 2915K, capacity 3074K, committed 3200K, reserved 1048576K
GC Heap History (10 events):
Event: 2.490 GC heap before
{Heap before GC invocations=5 (full 0):
 PSYoungGen      total 66560K, used 66535K [0x00000000d8a00000, 0x00000000dd000000, 0x0000000100000000)
  eden space 61440K, 100% used [0x00000000d8a00000,0x00000000dc600000,0x00000000dc600000)
  from space 5120K, 99% used [0x00000000dcb00000,0x00000000dcff9e50,0x00000000dd000000)
  to   space 5120K, 0% used [0x00000000dc600000,0x00000000dc600000,0x00000000dcb00000)
 ParOldGen       total 81920K, used 7795K [0x0000000089e00000, 0x000000008ee00000, 0x00000000d8a00000)
  object space 81920K, 9% used [0x0000000089e00000,0x000000008a59cd90,0x000000008ee00000)
 Metaspace       used 15679K, capacity 15996K, committed 16128K, reserved 1062912K
  class space    used 1859K, capacity 1956K, committed 2048K, reserved 1048576K
Event: 2.501 GC heap after
Heap after GC invocations=5 (full 0):
 PSYoungGen      total 66560K, used 5088K [0x00000000d8a00000, 0x00000000e1700000, 0x0000000100000000)
  eden space 61440K, 0% used [0x00000000d8a00000,0x00000000d8a00000,0x00000000dc600000)
  from space 5120K, 99% used [0x00000000dc600000,0x00000000dcaf8020,0x00000000dcb00000)
  to   space 10752K, 0% used [0x00000000e0c80000,0x00000000e0c80000,0x00000000e1700000)
 ParOldGen       total 81920K, used 11221K [0x0000000089e00000, 0x000000008ee00000, 0x00000000d8a00000)
  object space 81920K, 13% used [0x0000000089e00000,0x000000008a8f5668,0x000000008ee00000)
 Metaspace       used 15679K, capacity 15996K, committed 16128K, reserved 1062912K
  class space    used 1859K, capacity 1956K, committed 2048K, reserved 1048576K
}
Event: 3.097 GC heap before
{Heap before GC invocations=6 (full 0):
 PSYoungGen      total 66560K, used 66528K [0x00000000d8a00000, 0x00000000e1700000, 0x0000000100000000)
  eden space 61440K, 100% used [0x00000000d8a00000,0x00000000dc600000,0x00000000dc600000)
  from space 5120K, 99% used [0x00000000dc600000,0x00000000dcaf8020,0x00000000dcb00000)
  to   space 10752K, 0% used [0x00000000e0c80000,0x00000000e0c80000,0x00000000e1700000)
 ParOldGen       total 81920K, used 11221K [0x0000000089e00000, 0x000000008ee00000, 0x00000000d8a00000)
  object space 81920K, 13% used [0x0000000089e00000,0x000000008a8f5668,0x000000008ee00000)
 Metaspace       used 17031K, capacity 17514K, committed 17792K, reserved 1064960K
  class space    used 1977K, capacity 2100K, committed 2176K, reserved 1048576K
Event: 3.112 GC heap after
Heap after GC invocations=6 (full 0):
 PSYoungGen      total 133120K, used 9355K [0x00000000d8a00000, 0x00000000e1800000, 0x0000000100000000)
  eden space 122368K, 0% used [0x00000000d8a00000,0x00000000d8a00000,0x00000000e0180000)
  from space 10752K, 87% used [0x00000000e0c80000,0x00000000e15a2e68,0x00000000e1700000)
  to   space 11264K, 0% used [0x00000000e0180000,0x00000000e0180000,0x00000000e0c80000)
 ParOldGen       total 81920K, used 11229K [0x0000000089e00000, 0x000000008ee00000, 0x00000000d8a00000)
  object space 81920K, 13% used [0x0000000089e00000,0x000000008a8f7668,0x000000008ee00000)
 Metaspace       used 17031K, capacity 17514K, committed 17792K, reserved 1064960K
  class space    used 1977K, capacity 2100K, committed 2176K, reserved 1048576K
}
Event: 3.467 GC heap before
{Heap before GC invocations=7 (full 0):
 PSYoungGen      total 133120K, used 29108K [0x00000000d8a00000, 0x00000000e1800000, 0x0000000100000000)
  eden space 122368K, 16% used [0x00000000d8a00000,0x00000000d9d4a418,0x00000000e0180000)
  from space 10752K, 87% used [0x00000000e0c80000,0x00000000e15a2e68,0x00000000e1700000)
  to   space 11264K, 0% used [0x00000000e0180000,0x00000000e0180000,0x00000000e0c80000)
 ParOldGen       total 81920K, used 11229K [0x0000000089e00000, 0x000000008ee00000, 0x00000000d8a00000)
  object space 81920K, 13% used [0x0000000089e00000,0x000000008a8f7668,0x000000008ee00000)
 Metaspace       used 20651K, capacity 21120K, committed 21296K, reserved 1069056K
  class space    used 2465K, capacity 2622K, committed 2688K, reserved 1048576K
Event: 3.482 GC heap after
Heap after GC invocations=7 (full 0):
 PSYoungGen      total 133632K, used 8179K [0x00000000d8a00000, 0x00000000e8f00000, 0x0000000100000000)
  eden space 122368K, 0% used [0x00000000d8a00000,0x00000000d8a00000,0x00000000e0180000)
  from space 11264K, 72% used [0x00000000e0180000,0x00000000e097cd48,0x00000000e0c80000)
  to   space 11264K, 0% used [0x00000000e8400000,0x00000000e8400000,0x00000000e8f00000)
 ParOldGen       total 81920K, used 12917K [0x0000000089e00000, 0x000000008ee00000, 0x00000000d8a00000)
  object space 81920K, 15% used [0x0000000089e00000,0x000000008aa9d6a8,0x000000008ee00000)
 Metaspace       used 20651K, capacity 21120K, committed 21296K, reserved 1069056K
  class space    used 2465K, capacity 2622K, committed 2688K, reserved 1048576K
}
Event: 3.482 GC heap before
{Heap before GC invocations=8 (full 1):
 PSYoungGen      total 133632K, used 8179K [0x00000000d8a00000, 0x00000000e8f00000, 0x0000000100000000)
  eden space 122368K, 0% used [0x00000000d8a00000,0x00000000d8a00000,0x00000000e0180000)
  from space 11264K, 72% used [0x00000000e0180000,0x00000000e097cd48,0x00000000e0c80000)
  to   space 11264K, 0% used [0x00000000e8400000,0x00000000e8400000,0x00000000e8f00000)
 ParOldGen       total 81920K, used 12917K [0x0000000089e00000, 0x000000008ee00000, 0x00000000d8a00000)
  object space 81920K, 15% used [0x0000000089e00000,0x000000008aa9d6a8,0x000000008ee00000)
 Metaspace       used 20651K, capacity 21120K, committed 21296K, reserved 1069056K
  class space    used 2465K, capacity 2622K, committed 2688K, reserved 1048576K
Event: 3.532 GC heap after
Heap after GC invocations=8 (full 1):
 PSYoungGen      total 133632K, used 0K [0x00000000d8a00000, 0x00000000e8f00000, 0x0000000100000000)
  eden space 122368K, 0% used [0x00000000d8a00000,0x00000000d8a00000,0x00000000e0180000)
  from space 11264K, 0% used [0x00000000e0180000,0x00000000e0180000,0x00000000e0c80000)
  to   space 11264K, 0% used [0x00000000e8400000,0x00000000e8400000,0x00000000e8f00000)
 ParOldGen       total 63488K, used 16104K [0x0000000089e00000, 0x000000008dc00000, 0x00000000d8a00000)
  object space 63488K, 25% used [0x0000000089e00000,0x000000008adba168,0x000000008dc00000)
 Metaspace       used 20651K, capacity 21120K, committed 21296K, reserved 1069056K
  class space    used 2465K, capacity 2622K, committed 2688K, reserved 1048576K
}
Event: 4.775 GC heap before
{Heap before GC invocations=9 (full 1):
 PSYoungGen      total 133632K, used 122368K [0x00000000d8a00000, 0x00000000e8f00000, 0x0000000100000000)
  eden space 122368K, 100% used [0x00000000d8a00000,0x00000000e0180000,0x00000000e0180000)
  from space 11264K, 0% used [0x00000000e0180000,0x00000000e0180000,0x00000000e0c80000)
  to   space 11264K, 0% used [0x00000000e8400000,0x00000000e8400000,0x00000000e8f00000)
 ParOldGen       total 63488K, used 16104K [0x0000000089e00000, 0x000000008dc00000, 0x00000000d8a00000)
  object space 63488K, 25% used [0x0000000089e00000,0x000000008adba168,0x000000008dc00000)
 Metaspace       used 23571K, capacity 24128K, committed 24448K, reserved 1071104K
  class space    used 2714K, capacity 2878K, committed 2944K, reserved 1048576K
Event: 4.796 GC heap after
Heap after GC invocations=9 (full 1):
 PSYoungGen      total 208384K, used 11260K [0x00000000d8a00000, 0x00000000e8f00000, 0x0000000100000000)
  eden space 197120K, 0% used [0x00000000d8a00000,0x00000000d8a00000,0x00000000e4a80000)
  from space 11264K, 99% used [0x00000000e8400000,0x00000000e8eff0a8,0x00000000e8f00000)
  to   space 17408K, 0% used [0x00000000e6d00000,0x00000000e6d00000,0x00000000e7e00000)
 ParOldGen       total 63488K, used 27554K [0x0000000089e00000, 0x000000008dc00000, 0x00000000d8a00000)
  object space 63488K, 43% used [0x0000000089e00000,0x000000008b8e8b60,0x000000008dc00000)
 Metaspace       used 23571K, capacity 24128K, committed 24448K, reserved 1071104K
  class space    used 2714K, capacity 2878K, committed 2944K, reserved 1048576K
}

