# JRE version: Java(TM) SE Runtime Environment (8.0_261-b12) (build 1.8.0_261-b12)
# Java VM: Java HotSpot(TM) 64-Bit Server VM (25.261-b12 mixed mode windows-amd64 compressed oops)
Heap:
 PSYoungGen      total 166912K, used 7755K [0x00000000d8a00000, 0x00000000e7480000, 0x0000000100000000)
  eden space 153088K, 5% used [0x00000000d8a00000,0x00000000d9192f28,0x00000000e1f80000)
  from space 13824K, 0% used [0x00000000e1f80000,0x00000000e1f80000,0x00000000e2d00000)
  to   space 13312K, 0% used [0x00000000e6780000,0x00000000e6780000,0x00000000e7480000)
 ParOldGen       total 77824K, used 13007K [0x0000000089e00000, 0x000000008ea00000, 0x00000000d8a00000)
  object space 77824K, 16% used [0x0000000089e00000,0x000000008aab3e48,0x000000008ea00000)
 Metaspace       used 33521K, capacity 35507K, committed 35712K, reserved 1079296K
  class space    used 4503K, capacity 4874K, committed 4992K, reserved 1048576K
GC Heap History (10 events):
Event: 2.539 GC heap before
{Heap before GC invocations=7 (full 1):
 PSYoungGen      total 66560K, used 61400K [0x00000000d8a00000, 0x00000000e1100000, 0x0000000100000000)
  eden space 61440K, 99% used [0x00000000d8a00000,0x00000000dc5f6088,0x00000000dc600000)
  from space 5120K, 0% used [0x00000000dc600000,0x00000000dc600000,0x00000000dcb00000)
  to   space 7680K, 0% used [0x00000000e0980000,0x00000000e0980000,0x00000000e1100000)
 ParOldGen       total 52224K, used 6802K [0x0000000089e00000, 0x000000008d100000, 0x00000000d8a00000)
  object space 52224K, 13% used [0x0000000089e00000,0x000000008a4a4950,0x000000008d100000)
 Metaspace       used 21303K, capacity 22716K, committed 23040K, reserved 1069056K
  class space    used 2927K, capacity 3228K, committed 3328K, reserved 1048576K
Event: 2.543 GC heap after
Heap after GC invocations=7 (full 1):
 PSYoungGen      total 100864K, used 2276K [0x00000000d8a00000, 0x00000000e0c00000, 0x0000000100000000)
  eden space 98304K, 0% used [0x00000000d8a00000,0x00000000d8a00000,0x00000000dea00000)
  from space 2560K, 88% used [0x00000000e0980000,0x00000000e0bb9380,0x00000000e0c00000)
  to   space 8192K, 0% used [0x00000000dfc00000,0x00000000dfc00000,0x00000000e0400000)
 ParOldGen       total 52224K, used 6810K [0x0000000089e00000, 0x000000008d100000, 0x00000000d8a00000)
  object space 52224K, 13% used [0x0000000089e00000,0x000000008a4a6950,0x000000008d100000)
 Metaspace       used 21303K, capacity 22716K, committed 23040K, reserved 1069056K
  class space    used 2927K, capacity 3228K, committed 3328K, reserved 1048576K
}
Event: 3.367 GC heap before
{Heap before GC invocations=8 (full 1):
 PSYoungGen      total 100864K, used 100580K [0x00000000d8a00000, 0x00000000e0c00000, 0x0000000100000000)
  eden space 98304K, 100% used [0x00000000d8a00000,0x00000000dea00000,0x00000000dea00000)
  from space 2560K, 88% used [0x00000000e0980000,0x00000000e0bb9380,0x00000000e0c00000)
  to   space 8192K, 0% used [0x00000000dfc00000,0x00000000dfc00000,0x00000000e0400000)
 ParOldGen       total 52224K, used 6810K [0x0000000089e00000, 0x000000008d100000, 0x00000000d8a00000)
  object space 52224K, 13% used [0x0000000089e00000,0x000000008a4a6950,0x000000008d100000)
 Metaspace       used 27074K, capacity 28564K, committed 28800K, reserved 1075200K
  class space    used 3598K, capacity 3906K, committed 3968K, reserved 1048576K
Event: 3.379 GC heap after
Heap after GC invocations=8 (full 1):
 PSYoungGen      total 124928K, used 8186K [0x00000000d8a00000, 0x00000000e3800000, 0x0000000100000000)
  eden space 116736K, 0% used [0x00000000d8a00000,0x00000000d8a00000,0x00000000dfc00000)
  from space 8192K, 99% used [0x00000000dfc00000,0x00000000e03fea10,0x00000000e0400000)
  to   space 11264K, 0% used [0x00000000e2d00000,0x00000000e2d00000,0x00000000e3800000)
 ParOldGen       total 52224K, used 10706K [0x0000000089e00000, 0x000000008d100000, 0x00000000d8a00000)
  object space 52224K, 20% used [0x0000000089e00000,0x000000008a874a08,0x000000008d100000)
 Metaspace       used 27074K, capacity 28564K, committed 28800K, reserved 1075200K
  class space    used 3598K, capacity 3906K, committed 3968K, reserved 1048576K
}
Event: 4.785 GC heap before
{Heap before GC invocations=9 (full 1):
 PSYoungGen      total 124928K, used 124922K [0x00000000d8a00000, 0x00000000e3800000, 0x0000000100000000)
  eden space 116736K, 100% used [0x00000000d8a00000,0x00000000dfc00000,0x00000000dfc00000)
  from space 8192K, 99% used [0x00000000dfc00000,0x00000000e03fea10,0x00000000e0400000)
  to   space 11264K, 0% used [0x00000000e2d00000,0x00000000e2d00000,0x00000000e3800000)
 ParOldGen       total 52224K, used 10706K [0x0000000089e00000, 0x000000008d100000, 0x00000000d8a00000)
  object space 52224K, 20% used [0x0000000089e00000,0x000000008a874a08,0x000000008d100000)
 Metaspace       used 32779K, capacity 34724K, committed 35072K, reserved 1079296K
  class space    used 4378K, capacity 4752K, committed 4864K, reserved 1048576K
Event: 4.795 GC heap after
Heap after GC invocations=9 (full 1):
 PSYoungGen      total 164352K, used 11248K [0x00000000d8a00000, 0x00000000e5580000, 0x0000000100000000)
  eden space 153088K, 0% used [0x00000000d8a00000,0x00000000d8a00000,0x00000000e1f80000)
  from space 11264K, 99% used [0x00000000e2d00000,0x00000000e37fc140,0x00000000e3800000)
  to   space 13824K, 0% used [0x00000000e1f80000,0x00000000e1f80000,0x00000000e2d00000)
 ParOldGen       total 52224K, used 11881K [0x0000000089e00000, 0x000000008d100000, 0x00000000d8a00000)
  object space 52224K, 22% used [0x0000000089e00000,0x000000008a99a580,0x000000008d100000)
 Metaspace       used 32779K, capacity 34724K, committed 35072K, reserved 1079296K
  class space    used 4378K, capacity 4752K, committed 4864K, reserved 1048576K
}
Event: 5.064 GC heap before
{Heap before GC invocations=10 (full 1):
 PSYoungGen      total 164352K, used 40753K [0x00000000d8a00000, 0x00000000e5580000, 0x0000000100000000)
  eden space 153088K, 19% used [0x00000000d8a00000,0x00000000da6d0578,0x00000000e1f80000)
  from space 11264K, 99% used [0x00000000e2d00000,0x00000000e37fc140,0x00000000e3800000)
  to   space 13824K, 0% used [0x00000000e1f80000,0x00000000e1f80000,0x00000000e2d00000)
 ParOldGen       total 52224K, used 11881K [0x0000000089e00000, 0x000000008d100000, 0x00000000d8a00000)
  object space 52224K, 22% used [0x0000000089e00000,0x000000008a99a580,0x000000008d100000)
 Metaspace       used 33322K, capacity 35337K, committed 35496K, reserved 1079296K
  class space    used 4468K, capacity 4864K, committed 4864K, reserved 1048576K
Event: 5.078 GC heap after
Heap after GC invocations=10 (full 1):
 PSYoungGen      total 166912K, used 7562K [0x00000000d8a00000, 0x00000000e7480000, 0x0000000100000000)
  eden space 153088K, 0% used [0x00000000d8a00000,0x00000000d8a00000,0x00000000e1f80000)
  from space 13824K, 54% used [0x00000000e1f80000,0x00000000e26e2818,0x00000000e2d00000)
  to   space 13312K, 0% used [0x00000000e6780000,0x00000000e6780000,0x00000000e7480000)
 ParOldGen       total 52224K, used 12721K [0x0000000089e00000, 0x000000008d100000, 0x00000000d8a00000)
  object space 52224K, 24% used [0x0000000089e00000,0x000000008aa6c590,0x000000008d100000)
 Metaspace       used 33322K, capacity 35337K, committed 35496K, reserved 1079296K
  class space    used 4468K, capacity 4864K, committed 4864K, reserved 1048576K
}
Event: 5.078 GC heap before
{Heap before GC invocations=11 (full 2):
 PSYoungGen      total 166912K, used 7562K [0x00000000d8a00000, 0x00000000e7480000, 0x0000000100000000)
  eden space 153088K, 0% used [0x00000000d8a00000,0x00000000d8a00000,0x00000000e1f80000)
  from space 13824K, 54% used [0x00000000e1f80000,0x00000000e26e2818,0x00000000e2d00000)
  to   space 13312K, 0% used [0x00000000e6780000,0x00000000e6780000,0x00000000e7480000)
 ParOldGen       total 52224K, used 12721K [0x0000000089e00000, 0x000000008d100000, 0x00000000d8a00000)
  object space 52224K, 24% used [0x0000000089e00000,0x000000008aa6c590,0x000000008d100000)
 Metaspace       used 33322K, capacity 35337K, committed 35496K, reserved 1079296K
  class space    used 4468K, capacity 4864K, committed 4864K, reserved 1048576K
Event: 5.136 GC heap after
Heap after GC invocations=11 (full 2):
 PSYoungGen      total 166912K, used 0K [0x00000000d8a00000, 0x00000000e7480000, 0x0000000100000000)
  eden space 153088K, 0% used [0x00000000d8a00000,0x00000000d8a00000,0x00000000e1f80000)
  from space 13824K, 0% used [0x00000000e1f80000,0x00000000e1f80000,0x00000000e2d00000)
  to   space 13312K, 0% used [0x00000000e6780000,0x00000000e6780000,0x00000000e7480000)
 ParOldGen       total 77824K, used 13007K [0x0000000089e00000, 0x000000008ea00000, 0x00000000d8a00000)
  object space 77824K, 16% used [0x0000000089e00000,0x000000008aab3e48,0x000000008ea00000)
 Metaspace       used 33322K, capacity 35337K, committed 35496K, reserved 1079296K
  class space    used 4468K, capacity 4864K, committed 4864K, reserved 1048576K
}

