# JRE version: Java(TM) SE Runtime Environment (8.0_261-b12) (build 1.8.0_261-b12)
# Java VM: Java HotSpot(TM) 64-Bit Server VM (25.261-b12 mixed mode windows-amd64 compressed oops)
Heap:
 PSYoungGen      total 350208K, used 131231K [0x00000000d8a00000, 0x00000000f0000000, 0x0000000100000000)
  eden space 336384K, 34% used [0x00000000d8a00000,0x00000000dfcad348,0x00000000ed280000)
  from space 13824K, 99% used [0x00000000ee380000,0x00000000ef0fab70,0x00000000ef100000)
  to   space 17408K, 0% used [0x00000000ed280000,0x00000000ed280000,0x00000000ee380000)
 ParOldGen       total 69632K, used 25811K [0x0000000089e00000, 0x000000008e200000, 0x00000000d8a00000)
  object space 69632K, 37% used [0x0000000089e00000,0x000000008b734c58,0x000000008e200000)
 Metaspace       used 55747K, capacity 58290K, committed 58444K, reserved 1099776K
  class space    used 7812K, capacity 8267K, committed 8268K, reserved 1048576K
GC Heap History (10 events):
Event: 2.013 GC heap before
{Heap before GC invocations=8 (full 1):
 PSYoungGen      total 130560K, used 2998K [0x00000000d8a00000, 0x00000000e8900000, 0x0000000100000000)
  eden space 122880K, 0% used [0x00000000d8a00000,0x00000000d8a00000,0x00000000e0200000)
  from space 7680K, 39% used [0x00000000e0200000,0x00000000e04ed990,0x00000000e0980000)
  to   space 7680K, 0% used [0x00000000e8180000,0x00000000e8180000,0x00000000e8900000)
 ParOldGen       total 81920K, used 6163K [0x0000000089e00000, 0x000000008ee00000, 0x00000000d8a00000)
  object space 81920K, 7% used [0x0000000089e00000,0x000000008a404da0,0x000000008ee00000)
 Metaspace       used 20513K, capacity 21848K, committed 21960K, reserved 1069056K
  class space    used 2798K, capacity 3092K, committed 3148K, reserved 1048576K
Event: 2.039 GC heap after
Heap after GC invocations=8 (full 1):
 PSYoungGen      total 130560K, used 0K [0x00000000d8a00000, 0x00000000e8900000, 0x0000000100000000)
  eden space 122880K, 0% used [0x00000000d8a00000,0x00000000d8a00000,0x00000000e0200000)
  from space 7680K, 0% used [0x00000000e0200000,0x00000000e0200000,0x00000000e0980000)
  to   space 7680K, 0% used [0x00000000e8180000,0x00000000e8180000,0x00000000e8900000)
 ParOldGen       total 43520K, used 5623K [0x0000000089e00000, 0x000000008c880000, 0x00000000d8a00000)
  object space 43520K, 12% used [0x0000000089e00000,0x000000008a37df10,0x000000008c880000)
 Metaspace       used 20513K, capacity 21848K, committed 21960K, reserved 1069056K
  class space    used 2798K, capacity 3092K, committed 3148K, reserved 1048576K
}
Event: 2.567 GC heap before
{Heap before GC invocations=9 (full 1):
 PSYoungGen      total 130560K, used 122880K [0x00000000d8a00000, 0x00000000e8900000, 0x0000000100000000)
  eden space 122880K, 100% used [0x00000000d8a00000,0x00000000e0200000,0x00000000e0200000)
  from space 7680K, 0% used [0x00000000e0200000,0x00000000e0200000,0x00000000e0980000)
  to   space 7680K, 0% used [0x00000000e8180000,0x00000000e8180000,0x00000000e8900000)
 ParOldGen       total 43520K, used 5623K [0x0000000089e00000, 0x000000008c880000, 0x00000000d8a00000)
  object space 43520K, 12% used [0x0000000089e00000,0x000000008a37df10,0x000000008c880000)
 Metaspace       used 25821K, capacity 27232K, committed 27340K, reserved 1073152K
  class space    used 3439K, capacity 3728K, committed 3788K, reserved 1048576K
Event: 2.579 GC heap after
Heap after GC invocations=9 (full 1):
 PSYoungGen      total 235520K, used 7654K [0x00000000d8a00000, 0x00000000e8900000, 0x0000000100000000)
  eden space 227840K, 0% used [0x00000000d8a00000,0x00000000d8a00000,0x00000000e6880000)
  from space 7680K, 99% used [0x00000000e8180000,0x00000000e88f9b68,0x00000000e8900000)
  to   space 9728K, 0% used [0x00000000e7600000,0x00000000e7600000,0x00000000e7f80000)
 ParOldGen       total 43520K, used 8125K [0x0000000089e00000, 0x000000008c880000, 0x00000000d8a00000)
  object space 43520K, 18% used [0x0000000089e00000,0x000000008a5ef748,0x000000008c880000)
 Metaspace       used 25821K, capacity 27232K, committed 27340K, reserved 1073152K
  class space    used 3439K, capacity 3728K, committed 3788K, reserved 1048576K
}
Event: 4.749 GC heap before
{Heap before GC invocations=10 (full 1):
 PSYoungGen      total 235520K, used 207165K [0x00000000d8a00000, 0x00000000e8900000, 0x0000000100000000)
  eden space 227840K, 87% used [0x00000000d8a00000,0x00000000e4cd5898,0x00000000e6880000)
  from space 7680K, 99% used [0x00000000e8180000,0x00000000e88f9b68,0x00000000e8900000)
  to   space 9728K, 0% used [0x00000000e7600000,0x00000000e7600000,0x00000000e7f80000)
 ParOldGen       total 43520K, used 8125K [0x0000000089e00000, 0x000000008c880000, 0x00000000d8a00000)
  object space 43520K, 18% used [0x0000000089e00000,0x000000008a5ef748,0x000000008c880000)
 Metaspace       used 34343K, capacity 36412K, committed 36556K, reserved 1081344K
  class space    used 4597K, capacity 4980K, committed 5068K, reserved 1048576K
Event: 4.770 GC heap after
Heap after GC invocations=10 (full 1):
 PSYoungGen      total 251392K, used 9716K [0x00000000d8a00000, 0x00000000ef100000, 0x0000000100000000)
  eden space 241664K, 0% used [0x00000000d8a00000,0x00000000d8a00000,0x00000000e7600000)
  from space 9728K, 99% used [0x00000000e7600000,0x00000000e7f7d370,0x00000000e7f80000)
  to   space 13824K, 0% used [0x00000000ee380000,0x00000000ee380000,0x00000000ef100000)
 ParOldGen       total 43520K, used 14999K [0x0000000089e00000, 0x000000008c880000, 0x00000000d8a00000)
  object space 43520K, 34% used [0x0000000089e00000,0x000000008aca5dd0,0x000000008c880000)
 Metaspace       used 34343K, capacity 36412K, committed 36556K, reserved 1081344K
  class space    used 4597K, capacity 4980K, committed 5068K, reserved 1048576K
}
Event: 4.770 GC heap before
{Heap before GC invocations=11 (full 2):
 PSYoungGen      total 251392K, used 9716K [0x00000000d8a00000, 0x00000000ef100000, 0x0000000100000000)
  eden space 241664K, 0% used [0x00000000d8a00000,0x00000000d8a00000,0x00000000e7600000)
  from space 9728K, 99% used [0x00000000e7600000,0x00000000e7f7d370,0x00000000e7f80000)
  to   space 13824K, 0% used [0x00000000ee380000,0x00000000ee380000,0x00000000ef100000)
 ParOldGen       total 43520K, used 14999K [0x0000000089e00000, 0x000000008c880000, 0x00000000d8a00000)
  object space 43520K, 34% used [0x0000000089e00000,0x000000008aca5dd0,0x000000008c880000)
 Metaspace       used 34343K, capacity 36412K, committed 36556K, reserved 1081344K
  class space    used 4597K, capacity 4980K, committed 5068K, reserved 1048576K
Event: 4.826 GC heap after
Heap after GC invocations=11 (full 2):
 PSYoungGen      total 251392K, used 0K [0x00000000d8a00000, 0x00000000ef100000, 0x0000000100000000)
  eden space 241664K, 0% used [0x00000000d8a00000,0x00000000d8a00000,0x00000000e7600000)
  from space 9728K, 0% used [0x00000000e7600000,0x00000000e7600000,0x00000000e7f80000)
  to   space 13824K, 0% used [0x00000000ee380000,0x00000000ee380000,0x00000000ef100000)
 ParOldGen       total 69632K, used 20770K [0x0000000089e00000, 0x000000008e200000, 0x00000000d8a00000)
  object space 69632K, 29% used [0x0000000089e00000,0x000000008b248860,0x000000008e200000)
 Metaspace       used 34343K, capacity 36412K, committed 36556K, reserved 1081344K
  class space    used 4597K, capacity 4980K, committed 5068K, reserved 1048576K
}
Event: 6.971 GC heap before
{Heap before GC invocations=12 (full 2):
 PSYoungGen      total 251392K, used 241663K [0x00000000d8a00000, 0x00000000ef100000, 0x0000000100000000)
  eden space 241664K, 99% used [0x00000000d8a00000,0x00000000e75fffb8,0x00000000e7600000)
  from space 9728K, 0% used [0x00000000e7600000,0x00000000e7600000,0x00000000e7f80000)
  to   space 13824K, 0% used [0x00000000ee380000,0x00000000ee380000,0x00000000ef100000)
 ParOldGen       total 69632K, used 20770K [0x0000000089e00000, 0x000000008e200000, 0x00000000d8a00000)
  object space 69632K, 29% used [0x0000000089e00000,0x000000008b248860,0x000000008e200000)
 Metaspace       used 48295K, capacity 50810K, committed 50892K, reserved 1093632K
  class space    used 6626K, capacity 7073K, committed 7116K, reserved 1048576K
Event: 6.992 GC heap after
Heap after GC invocations=12 (full 2):
 PSYoungGen      total 350208K, used 13802K [0x00000000d8a00000, 0x00000000f0000000, 0x0000000100000000)
  eden space 336384K, 0% used [0x00000000d8a00000,0x00000000d8a00000,0x00000000ed280000)
  from space 13824K, 99% used [0x00000000ee380000,0x00000000ef0fab70,0x00000000ef100000)
  to   space 17408K, 0% used [0x00000000ed280000,0x00000000ed280000,0x00000000ee380000)
 ParOldGen       total 69632K, used 25811K [0x0000000089e00000, 0x000000008e200000, 0x00000000d8a00000)
  object space 69632K, 37% used [0x0000000089e00000,0x000000008b734c58,0x000000008e200000)
 Metaspace       used 48295K, capacity 50810K, committed 50892K, reserved 1093632K
  class space    used 6626K, capacity 7073K, committed 7116K, reserved 1048576K
}

