# JRE version: Java(TM) SE Runtime Environment (8.0_261-b12) (build 1.8.0_261-b12)
# Java VM: Java HotSpot(TM) 64-Bit Server VM (25.261-b12 mixed mode windows-amd64 compressed oops)
Heap:
 PSYoungGen      total 338944K, used 14678K [0x00000000d8a00000, 0x00000000ee980000, 0x0000000100000000)
  eden space 323072K, 0% used [0x00000000d8a00000,0x00000000d8a00000,0x00000000ec580000)
  from space 15872K, 92% used [0x00000000eca80000,0x00000000ed8d5828,0x00000000eda00000)
  to   space 12288K, 0% used [0x00000000edd80000,0x00000000edd80000,0x00000000ee980000)
 ParOldGen       total 61952K, used 28654K [0x0000000089e00000, 0x000000008da80000, 0x00000000d8a00000)
  object space 61952K, 46% used [0x0000000089e00000,0x000000008b9fbac0,0x000000008da80000)
 Metaspace       used 57268K, capacity 60008K, committed 60080K, reserved 1101824K
  class space    used 8029K, capacity 8506K, committed 8576K, reserved 1048576K
GC Heap History (10 events):
Event: 3.827 GC heap after
Heap after GC invocations=9 (full 1):
 PSYoungGen      total 235008K, used 9212K [0x00000000d8a00000, 0x00000000e7d80000, 0x0000000100000000)
  eden space 225792K, 0% used [0x00000000d8a00000,0x00000000d8a00000,0x00000000e6680000)
  from space 9216K, 99% used [0x00000000e7300000,0x00000000e7bff158,0x00000000e7c00000)
  to   space 11776K, 0% used [0x00000000e6680000,0x00000000e6680000,0x00000000e7200000)
 ParOldGen       total 41984K, used 10701K [0x0000000089e00000, 0x000000008c700000, 0x00000000d8a00000)
  object space 41984K, 25% used [0x0000000089e00000,0x000000008a873558,0x000000008c700000)
 Metaspace       used 30996K, capacity 32864K, committed 33024K, reserved 1077248K
  class space    used 4148K, capacity 4488K, committed 4608K, reserved 1048576K
}
Event: 4.625 GC heap before
{Heap before GC invocations=10 (full 1):
 PSYoungGen      total 235008K, used 85622K [0x00000000d8a00000, 0x00000000e7d80000, 0x0000000100000000)
  eden space 225792K, 33% used [0x00000000d8a00000,0x00000000dd49ea90,0x00000000e6680000)
  from space 9216K, 99% used [0x00000000e7300000,0x00000000e7bff158,0x00000000e7c00000)
  to   space 11776K, 0% used [0x00000000e6680000,0x00000000e6680000,0x00000000e7200000)
 ParOldGen       total 41984K, used 10701K [0x0000000089e00000, 0x000000008c700000, 0x00000000d8a00000)
  object space 41984K, 25% used [0x0000000089e00000,0x000000008a873558,0x000000008c700000)
 Metaspace       used 33906K, capacity 35918K, committed 36048K, reserved 1081344K
  class space    used 4543K, capacity 4919K, committed 4992K, reserved 1048576K
Event: 4.638 GC heap after
Heap after GC invocations=10 (full 1):
 PSYoungGen      total 237568K, used 9942K [0x00000000d8a00000, 0x00000000ee980000, 0x0000000100000000)
  eden space 225792K, 0% used [0x00000000d8a00000,0x00000000d8a00000,0x00000000e6680000)
  from space 11776K, 84% used [0x00000000e6680000,0x00000000e7035980,0x00000000e7200000)
  to   space 12288K, 0% used [0x00000000edd80000,0x00000000edd80000,0x00000000ee980000)
 ParOldGen       total 41984K, used 10709K [0x0000000089e00000, 0x000000008c700000, 0x00000000d8a00000)
  object space 41984K, 25% used [0x0000000089e00000,0x000000008a875558,0x000000008c700000)
 Metaspace       used 33906K, capacity 35918K, committed 36048K, reserved 1081344K
  class space    used 4543K, capacity 4919K, committed 4992K, reserved 1048576K
}
Event: 4.638 GC heap before
{Heap before GC invocations=11 (full 2):
 PSYoungGen      total 237568K, used 9942K [0x00000000d8a00000, 0x00000000ee980000, 0x0000000100000000)
  eden space 225792K, 0% used [0x00000000d8a00000,0x00000000d8a00000,0x00000000e6680000)
  from space 11776K, 84% used [0x00000000e6680000,0x00000000e7035980,0x00000000e7200000)
  to   space 12288K, 0% used [0x00000000edd80000,0x00000000edd80000,0x00000000ee980000)
 ParOldGen       total 41984K, used 10709K [0x0000000089e00000, 0x000000008c700000, 0x00000000d8a00000)
  object space 41984K, 25% used [0x0000000089e00000,0x000000008a875558,0x000000008c700000)
 Metaspace       used 33906K, capacity 35918K, committed 36048K, reserved 1081344K
  class space    used 4543K, capacity 4919K, committed 4992K, reserved 1048576K
Event: 4.685 GC heap after
Heap after GC invocations=11 (full 2):
 PSYoungGen      total 237568K, used 0K [0x00000000d8a00000, 0x00000000ee980000, 0x0000000100000000)
  eden space 225792K, 0% used [0x00000000d8a00000,0x00000000d8a00000,0x00000000e6680000)
  from space 11776K, 0% used [0x00000000e6680000,0x00000000e6680000,0x00000000e7200000)
  to   space 12288K, 0% used [0x00000000edd80000,0x00000000edd80000,0x00000000ee980000)
 ParOldGen       total 61952K, used 15336K [0x0000000089e00000, 0x000000008da80000, 0x00000000d8a00000)
  object space 61952K, 24% used [0x0000000089e00000,0x000000008acfa1a0,0x000000008da80000)
 Metaspace       used 33906K, capacity 35918K, committed 36048K, reserved 1081344K
  class space    used 4543K, capacity 4919K, committed 4992K, reserved 1048576K
}
Event: 6.816 GC heap before
{Heap before GC invocations=12 (full 2):
 PSYoungGen      total 237568K, used 225792K [0x00000000d8a00000, 0x00000000ee980000, 0x0000000100000000)
  eden space 225792K, 100% used [0x00000000d8a00000,0x00000000e6680000,0x00000000e6680000)
  from space 11776K, 0% used [0x00000000e6680000,0x00000000e6680000,0x00000000e7200000)
  to   space 12288K, 0% used [0x00000000edd80000,0x00000000edd80000,0x00000000ee980000)
 ParOldGen       total 61952K, used 15336K [0x0000000089e00000, 0x000000008da80000, 0x00000000d8a00000)
  object space 61952K, 24% used [0x0000000089e00000,0x000000008acfa1a0,0x000000008da80000)
 Metaspace       used 47174K, capacity 49612K, committed 49920K, reserved 1091584K
  class space    used 6457K, capacity 6884K, committed 6912K, reserved 1048576K
Event: 6.840 GC heap after
Heap after GC invocations=12 (full 2):
 PSYoungGen      total 335360K, used 12286K [0x00000000d8a00000, 0x00000000ee980000, 0x0000000100000000)
  eden space 323072K, 0% used [0x00000000d8a00000,0x00000000d8a00000,0x00000000ec580000)
  from space 12288K, 99% used [0x00000000edd80000,0x00000000ee97fbc8,0x00000000ee980000)
  to   space 15872K, 0% used [0x00000000eca80000,0x00000000eca80000,0x00000000eda00000)
 ParOldGen       total 61952K, used 21012K [0x0000000089e00000, 0x000000008da80000, 0x00000000d8a00000)
  object space 61952K, 33% used [0x0000000089e00000,0x000000008b2850e0,0x000000008da80000)
 Metaspace       used 47174K, capacity 49612K, committed 49920K, reserved 1091584K
  class space    used 6457K, capacity 6884K, committed 6912K, reserved 1048576K
}
Event: 8.524 GC heap before
{Heap before GC invocations=13 (full 2):
 PSYoungGen      total 335360K, used 234954K [0x00000000d8a00000, 0x00000000ee980000, 0x0000000100000000)
  eden space 323072K, 68% used [0x00000000d8a00000,0x00000000e6372f98,0x00000000ec580000)
  from space 12288K, 99% used [0x00000000edd80000,0x00000000ee97fbc8,0x00000000ee980000)
  to   space 15872K, 0% used [0x00000000eca80000,0x00000000eca80000,0x00000000eda00000)
 ParOldGen       total 61952K, used 21012K [0x0000000089e00000, 0x000000008da80000, 0x00000000d8a00000)
  object space 61952K, 33% used [0x0000000089e00000,0x000000008b2850e0,0x000000008da80000)
 Metaspace       used 57268K, capacity 60008K, committed 60080K, reserved 1101824K
  class space    used 8029K, capacity 8506K, committed 8576K, reserved 1048576K
Event: 8.553 GC heap after
Heap after GC invocations=13 (full 2):
 PSYoungGen      total 338944K, used 14678K [0x00000000d8a00000, 0x00000000ee980000, 0x0000000100000000)
  eden space 323072K, 0% used [0x00000000d8a00000,0x00000000d8a00000,0x00000000ec580000)
  from space 15872K, 92% used [0x00000000eca80000,0x00000000ed8d5828,0x00000000eda00000)
  to   space 12288K, 0% used [0x00000000edd80000,0x00000000edd80000,0x00000000ee980000)
 ParOldGen       total 61952K, used 28654K [0x0000000089e00000, 0x000000008da80000, 0x00000000d8a00000)
  object space 61952K, 46% used [0x0000000089e00000,0x000000008b9fbac0,0x000000008da80000)
 Metaspace       used 57268K, capacity 60008K, committed 60080K, reserved 1101824K
  class space    used 8029K, capacity 8506K, committed 8576K, reserved 1048576K
}
Event: 8.553 GC heap before
{Heap before GC invocations=14 (full 3):
 PSYoungGen      total 338944K, used 14678K [0x00000000d8a00000, 0x00000000ee980000, 0x0000000100000000)
  eden space 323072K, 0% used [0x00000000d8a00000,0x00000000d8a00000,0x00000000ec580000)
  from space 15872K, 92% used [0x00000000eca80000,0x00000000ed8d5828,0x00000000eda00000)
  to   space 12288K, 0% used [0x00000000edd80000,0x00000000edd80000,0x00000000ee980000)
 ParOldGen       total 61952K, used 28654K [0x0000000089e00000, 0x000000008da80000, 0x00000000d8a00000)
  object space 61952K, 46% used [0x0000000089e00000,0x000000008b9fbac0,0x000000008da80000)
 Metaspace       used 57268K, capacity 60008K, committed 60080K, reserved 1101824K
  class space    used 8029K, capacity 8506K, committed 8576K, reserved 1048576K

