# JRE version: Java(TM) SE Runtime Environment (8.0_261-b12) (build 1.8.0_261-b12)
# Java VM: Java HotSpot(TM) 64-Bit Server VM (25.261-b12 mixed mode windows-amd64 compressed oops)
Heap:
 PSYoungGen      total 289792K, used 33959K [0x00000000d8a00000, 0x00000000efc00000, 0x0000000100000000)
  eden space 270336K, 6% used [0x00000000d8a00000,0x00000000d9b697e0,0x00000000e9200000)
  from space 19456K, 82% used [0x00000000e9200000,0x00000000ea1c0758,0x00000000ea500000)
  to   space 20992K, 0% used [0x00000000ee780000,0x00000000ee780000,0x00000000efc00000)
 ParOldGen       total 115200K, used 25284K [0x0000000089e00000, 0x0000000090e80000, 0x00000000d8a00000)
  object space 115200K, 21% used [0x0000000089e00000,0x000000008b6b1100,0x0000000090e80000)
 Metaspace       used 66124K, capacity 69966K, committed 70144K, reserved 1110016K
  class space    used 9292K, capacity 9923K, committed 9984K, reserved 1048576K
GC Heap History (10 events):
Event: 6.093 GC heap before
{Heap before GC invocations=12 (full 2):
 PSYoungGen      total 172544K, used 159232K [0x00000000d8a00000, 0x00000000e7980000, 0x0000000100000000)
  eden space 159232K, 100% used [0x00000000d8a00000,0x00000000e2580000,0x00000000e2580000)
  from space 13312K, 0% used [0x00000000e2580000,0x00000000e2580000,0x00000000e3280000)
  to   space 13312K, 0% used [0x00000000e6c80000,0x00000000e6c80000,0x00000000e7980000)
 ParOldGen       total 77824K, used 13004K [0x0000000089e00000, 0x000000008ea00000, 0x00000000d8a00000)
  object space 77824K, 16% used [0x0000000089e00000,0x000000008aab3370,0x000000008ea00000)
 Metaspace       used 43253K, capacity 45612K, committed 45824K, reserved 1089536K
  class space    used 5925K, capacity 6344K, committed 6400K, reserved 1048576K
Event: 6.107 GC heap after
Heap after GC invocations=12 (full 2):
 PSYoungGen      total 221184K, used 12336K [0x00000000d8a00000, 0x00000000e7900000, 0x0000000100000000)
  eden space 208384K, 0% used [0x00000000d8a00000,0x00000000d8a00000,0x00000000e5580000)
  from space 12800K, 96% used [0x00000000e6c80000,0x00000000e788c370,0x00000000e7900000)
  to   space 14336K, 0% used [0x00000000e5d00000,0x00000000e5d00000,0x00000000e6b00000)
 ParOldGen       total 77824K, used 13012K [0x0000000089e00000, 0x000000008ea00000, 0x00000000d8a00000)
  object space 77824K, 16% used [0x0000000089e00000,0x000000008aab5370,0x000000008ea00000)
 Metaspace       used 43253K, capacity 45612K, committed 45824K, reserved 1089536K
  class space    used 5925K, capacity 6344K, committed 6400K, reserved 1048576K
}
Event: 8.126 GC heap before
{Heap before GC invocations=13 (full 2):
 PSYoungGen      total 221184K, used 220720K [0x00000000d8a00000, 0x00000000e7900000, 0x0000000100000000)
  eden space 208384K, 100% used [0x00000000d8a00000,0x00000000e5580000,0x00000000e5580000)
  from space 12800K, 96% used [0x00000000e6c80000,0x00000000e788c370,0x00000000e7900000)
  to   space 14336K, 0% used [0x00000000e5d00000,0x00000000e5d00000,0x00000000e6b00000)
 ParOldGen       total 77824K, used 13012K [0x0000000089e00000, 0x000000008ea00000, 0x00000000d8a00000)
  object space 77824K, 16% used [0x0000000089e00000,0x000000008aab5370,0x000000008ea00000)
 Metaspace       used 55209K, capacity 57828K, committed 58240K, reserved 1099776K
  class space    used 7716K, capacity 8200K, committed 8320K, reserved 1048576K
Event: 8.152 GC heap after
Heap after GC invocations=13 (full 2):
 PSYoungGen      total 230400K, used 14310K [0x00000000d8a00000, 0x00000000eb780000, 0x0000000100000000)
  eden space 216064K, 0% used [0x00000000d8a00000,0x00000000d8a00000,0x00000000e5d00000)
  from space 14336K, 99% used [0x00000000e5d00000,0x00000000e6af9970,0x00000000e6b00000)
  to   space 18944K, 0% used [0x00000000ea500000,0x00000000ea500000,0x00000000eb780000)
 ParOldGen       total 77824K, used 20441K [0x0000000089e00000, 0x000000008ea00000, 0x00000000d8a00000)
  object space 77824K, 26% used [0x0000000089e00000,0x000000008b1f64e0,0x000000008ea00000)
 Metaspace       used 55209K, capacity 57828K, committed 58240K, reserved 1099776K
  class space    used 7716K, capacity 8200K, committed 8320K, reserved 1048576K
}
Event: 8.525 GC heap before
{Heap before GC invocations=14 (full 2):
 PSYoungGen      total 230400K, used 64685K [0x00000000d8a00000, 0x00000000eb780000, 0x0000000100000000)
  eden space 216064K, 23% used [0x00000000d8a00000,0x00000000dbb31c70,0x00000000e5d00000)
  from space 14336K, 99% used [0x00000000e5d00000,0x00000000e6af9970,0x00000000e6b00000)
  to   space 18944K, 0% used [0x00000000ea500000,0x00000000ea500000,0x00000000eb780000)
 ParOldGen       total 77824K, used 20441K [0x0000000089e00000, 0x000000008ea00000, 0x00000000d8a00000)
  object space 77824K, 26% used [0x0000000089e00000,0x000000008b1f64e0,0x000000008ea00000)
 Metaspace       used 56358K, capacity 58966K, committed 59096K, reserved 1099776K
  class space    used 7907K, capacity 8377K, committed 8448K, reserved 1048576K
Event: 8.540 GC heap after
Heap after GC invocations=14 (full 2):
 PSYoungGen      total 289280K, used 2189K [0x00000000d8a00000, 0x00000000ecb80000, 0x0000000100000000)
  eden space 270336K, 0% used [0x00000000d8a00000,0x00000000d8a00000,0x00000000e9200000)
  from space 18944K, 11% used [0x00000000ea500000,0x00000000ea723428,0x00000000eb780000)
  to   space 19456K, 0% used [0x00000000e9200000,0x00000000e9200000,0x00000000ea500000)
 ParOldGen       total 77824K, used 31763K [0x0000000089e00000, 0x000000008ea00000, 0x00000000d8a00000)
  object space 77824K, 40% used [0x0000000089e00000,0x000000008bd04ec8,0x000000008ea00000)
 Metaspace       used 56358K, capacity 58966K, committed 59096K, reserved 1099776K
  class space    used 7907K, capacity 8377K, committed 8448K, reserved 1048576K
}
Event: 8.540 GC heap before
{Heap before GC invocations=15 (full 3):
 PSYoungGen      total 289280K, used 2189K [0x00000000d8a00000, 0x00000000ecb80000, 0x0000000100000000)
  eden space 270336K, 0% used [0x00000000d8a00000,0x00000000d8a00000,0x00000000e9200000)
  from space 18944K, 11% used [0x00000000ea500000,0x00000000ea723428,0x00000000eb780000)
  to   space 19456K, 0% used [0x00000000e9200000,0x00000000e9200000,0x00000000ea500000)
 ParOldGen       total 77824K, used 31763K [0x0000000089e00000, 0x000000008ea00000, 0x00000000d8a00000)
  object space 77824K, 40% used [0x0000000089e00000,0x000000008bd04ec8,0x000000008ea00000)
 Metaspace       used 56358K, capacity 58966K, committed 59096K, reserved 1099776K
  class space    used 7907K, capacity 8377K, committed 8448K, reserved 1048576K
Event: 8.713 GC heap after
Heap after GC invocations=15 (full 3):
 PSYoungGen      total 289280K, used 0K [0x00000000d8a00000, 0x00000000ecb80000, 0x0000000100000000)
  eden space 270336K, 0% used [0x00000000d8a00000,0x00000000d8a00000,0x00000000e9200000)
  from space 18944K, 0% used [0x00000000ea500000,0x00000000ea500000,0x00000000eb780000)
  to   space 19456K, 0% used [0x00000000e9200000,0x00000000e9200000,0x00000000ea500000)
 ParOldGen       total 115200K, used 25276K [0x0000000089e00000, 0x0000000090e80000, 0x00000000d8a00000)
  object space 115200K, 21% used [0x0000000089e00000,0x000000008b6af100,0x0000000090e80000)
 Metaspace       used 56358K, capacity 58966K, committed 59096K, reserved 1099776K
  class space    used 7907K, capacity 8377K, committed 8448K, reserved 1048576K
}
Event: 11.553 GC heap before
{Heap before GC invocations=16 (full 3):
 PSYoungGen      total 289280K, used 270336K [0x00000000d8a00000, 0x00000000ecb80000, 0x0000000100000000)
  eden space 270336K, 100% used [0x00000000d8a00000,0x00000000e9200000,0x00000000e9200000)
  from space 18944K, 0% used [0x00000000ea500000,0x00000000ea500000,0x00000000eb780000)
  to   space 19456K, 0% used [0x00000000e9200000,0x00000000e9200000,0x00000000ea500000)
 ParOldGen       total 115200K, used 25276K [0x0000000089e00000, 0x0000000090e80000, 0x00000000d8a00000)
  object space 115200K, 21% used [0x0000000089e00000,0x000000008b6af100,0x0000000090e80000)
 Metaspace       used 65666K, capacity 69486K, committed 69760K, reserved 1110016K
  class space    used 9224K, capacity 9837K, committed 9856K, reserved 1048576K
Event: 11.569 GC heap after
Heap after GC invocations=16 (full 3):
 PSYoungGen      total 289792K, used 16129K [0x00000000d8a00000, 0x00000000efc00000, 0x0000000100000000)
  eden space 270336K, 0% used [0x00000000d8a00000,0x00000000d8a00000,0x00000000e9200000)
  from space 19456K, 82% used [0x00000000e9200000,0x00000000ea1c0758,0x00000000ea500000)
  to   space 20992K, 0% used [0x00000000ee780000,0x00000000ee780000,0x00000000efc00000)
 ParOldGen       total 115200K, used 25284K [0x0000000089e00000, 0x0000000090e80000, 0x00000000d8a00000)
  object space 115200K, 21% used [0x0000000089e00000,0x000000008b6b1100,0x0000000090e80000)
 Metaspace       used 65666K, capacity 69486K, committed 69760K, reserved 1110016K
  class space    used 9224K, capacity 9837K, committed 9856K, reserved 1048576K
}

